{"contracts/Adapter.sol":{"l":{"17":3,"18":3,"25":1,"33":2,"37":2,"57":1,"62":1,"67":1,"68":1,"70":1,"81":1,"82":1,"94":1,"97":1,"102":1,"103":1,"121":1,"122":1,"124":1,"142":1,"147":1,"148":1,"155":1,"163":1,"171":1},"path":"/home/user121/VS source/UniswapAdapter/contracts/Adapter.sol","s":{"1":3,"2":3,"3":1,"4":2,"5":2,"6":1,"7":1,"8":1,"9":1,"10":1,"11":1,"12":1,"13":1,"14":1,"15":1,"16":1,"17":1,"18":1,"19":1,"20":1,"21":1,"22":1,"23":1,"24":1,"25":1},"b":{},"f":{"1":3,"2":1,"3":2,"4":2,"5":1,"6":1,"7":1,"8":1,"9":1,"10":1},"fnMap":{"1":{"name":"constructor","line":16,"loc":{"start":{"line":16,"column":4},"end":{"line":19,"column":4}}},"2":{"name":"createPair","line":21,"loc":{"start":{"line":21,"column":4},"end":{"line":26,"column":4}}},"3":{"name":"getPair","line":28,"loc":{"start":{"line":28,"column":4},"end":{"line":34,"column":4}}},"4":{"name":"allPairsLength","line":36,"loc":{"start":{"line":36,"column":4},"end":{"line":38,"column":4}}},"5":{"name":"addLiquidity","line":40,"loc":{"start":{"line":40,"column":4},"end":{"line":83,"column":4}}},"6":{"name":"removeLiquidity","line":85,"loc":{"start":{"line":85,"column":4},"end":{"line":112,"column":4}}},"7":{"name":"swapExactTokensForTokens","line":114,"loc":{"start":{"line":114,"column":4},"end":{"line":133,"column":4}}},"8":{"name":"swapTokensForExactTokens","line":135,"loc":{"start":{"line":135,"column":4},"end":{"line":156,"column":4}}},"9":{"name":"getAmountsOut","line":158,"loc":{"start":{"line":158,"column":4},"end":{"line":164,"column":4}}},"10":{"name":"getAmountsIn","line":166,"loc":{"start":{"line":166,"column":4},"end":{"line":172,"column":4}}}},"statementMap":{"1":{"start":{"line":17,"column":8},"end":{"line":17,"column":25}},"2":{"start":{"line":18,"column":8},"end":{"line":18,"column":23}},"3":{"start":{"line":25,"column":8},"end":{"line":25,"column":67}},"4":{"start":{"line":33,"column":8},"end":{"line":33,"column":64}},"5":{"start":{"line":37,"column":8},"end":{"line":37,"column":58}},"6":{"start":{"line":57,"column":8},"end":{"line":57,"column":1468}},"7":{"start":{"line":62,"column":8},"end":{"line":62,"column":1598}},"8":{"start":{"line":67,"column":8},"end":{"line":67,"column":62}},"9":{"start":{"line":68,"column":8},"end":{"line":68,"column":62}},"10":{"start":{"line":70,"column":8},"end":{"line":70,"column":1859}},"11":{"start":{"line":81,"column":8},"end":{"line":81,"column":72}},"12":{"start":{"line":82,"column":8},"end":{"line":82,"column":72}},"13":{"start":{"line":94,"column":8},"end":{"line":94,"column":2557}},"14":{"start":{"line":97,"column":8},"end":{"line":97,"column":2662}},"15":{"start":{"line":102,"column":8},"end":{"line":102,"column":62}},"16":{"start":{"line":103,"column":8},"end":{"line":103,"column":2857}},"17":{"start":{"line":121,"column":8},"end":{"line":121,"column":76}},"18":{"start":{"line":122,"column":8},"end":{"line":122,"column":57}},"19":{"start":{"line":124,"column":8},"end":{"line":124,"column":3461}},"20":{"start":{"line":142,"column":8},"end":{"line":142,"column":3942}},"21":{"start":{"line":147,"column":8},"end":{"line":147,"column":60}},"22":{"start":{"line":148,"column":8},"end":{"line":148,"column":4133}},"23":{"start":{"line":155,"column":8},"end":{"line":155,"column":73}},"24":{"start":{"line":163,"column":8},"end":{"line":163,"column":73}},"25":{"start":{"line":171,"column":8},"end":{"line":171,"column":73}}},"branchMap":{}},"contracts/TestTKN.sol":{"l":{"16":2},"path":"/home/user121/VS source/UniswapAdapter/contracts/TestTKN.sol","s":{"1":2},"b":{},"f":{"1":3,"2":2},"fnMap":{"1":{"name":"constructor","line":8,"loc":{"start":{"line":8,"column":4},"end":{"line":8,"column":79}}},"2":{"name":"mint","line":15,"loc":{"start":{"line":15,"column":4},"end":{"line":17,"column":4}}}},"statementMap":{"1":{"start":{"line":16,"column":8},"end":{"line":16,"column":31}}},"branchMap":{}},"contracts/WrpEth.sol":{"l":{"11":3,"12":2,"15":2,"16":1,"24":2,"28":1,"29":1,"38":5,"46":7,"47":6,"51":5,"52":5,"53":5,"56":1},"path":"/home/user121/VS source/UniswapAdapter/contracts/WrpEth.sol","s":{"1":3,"2":2,"3":2,"4":1,"5":2,"6":1,"7":1,"8":5,"9":7,"10":6,"11":5,"12":5,"13":5,"14":1},"b":{"1":[2,1],"2":[1,1],"3":[1,1],"4":[6,1],"5":[5,1]},"f":{"1":3,"2":3,"3":2,"4":5,"5":7},"fnMap":{"1":{"name":"constructor","line":8,"loc":{"start":{"line":8,"column":4},"end":{"line":8,"column":79}}},"2":{"name":"deposit","line":10,"loc":{"start":{"line":10,"column":4},"end":{"line":21,"column":4}}},"3":{"name":"withdraw","line":23,"loc":{"start":{"line":23,"column":4},"end":{"line":31,"column":4}}},"4":{"name":"transfer","line":33,"loc":{"start":{"line":33,"column":4},"end":{"line":39,"column":4}}},"5":{"name":"transferFrom","line":41,"loc":{"start":{"line":41,"column":4},"end":{"line":69,"column":4}}}},"statementMap":{"1":{"start":{"line":11,"column":8},"end":{"line":11,"column":74}},"2":{"start":{"line":12,"column":8},"end":{"line":12,"column":29}},"3":{"start":{"line":15,"column":8},"end":{"line":15,"column":514}},"4":{"start":{"line":16,"column":12},"end":{"line":16,"column":561}},"5":{"start":{"line":24,"column":8},"end":{"line":24,"column":796}},"6":{"start":{"line":28,"column":8},"end":{"line":28,"column":32}},"7":{"start":{"line":29,"column":8},"end":{"line":29,"column":70}},"8":{"start":{"line":38,"column":8},"end":{"line":38,"column":48}},"9":{"start":{"line":46,"column":8},"end":{"line":46,"column":1417}},"10":{"start":{"line":47,"column":12},"end":{"line":47,"column":1462}},"11":{"start":{"line":51,"column":12},"end":{"line":51,"column":72}},"12":{"start":{"line":52,"column":12},"end":{"line":52,"column":39}},"13":{"start":{"line":53,"column":12},"end":{"line":53,"column":65}},"14":{"start":{"line":56,"column":8},"end":{"line":56,"column":48}}},"branchMap":{"1":{"line":11,"type":"if","locations":[{"start":{"line":11,"column":8},"end":{"line":11,"column":8}},{"start":{"line":11,"column":8},"end":{"line":11,"column":8}}]},"2":{"line":15,"type":"if","locations":[{"start":{"line":15,"column":8},"end":{"line":15,"column":8}},{"start":{"line":15,"column":8},"end":{"line":15,"column":8}}]},"3":{"line":24,"type":"if","locations":[{"start":{"line":24,"column":8},"end":{"line":24,"column":8}},{"start":{"line":24,"column":8},"end":{"line":24,"column":8}}]},"4":{"line":46,"type":"if","locations":[{"start":{"line":46,"column":8},"end":{"line":46,"column":8}},{"start":{"line":46,"column":8},"end":{"line":46,"column":8}}]},"5":{"line":47,"type":"if","locations":[{"start":{"line":47,"column":12},"end":{"line":47,"column":12}},{"start":{"line":47,"column":12},"end":{"line":47,"column":12}}]}}}}