TN:
SF:/home/user121/VS source/UniswapAdapter/contracts/Adapter.sol
FN:16,constructor
FN:21,createPair
FN:28,getPair
FN:36,allPairsLength
FN:40,addLiquidity
FN:85,removeLiquidity
FN:114,swapExactTokensForTokens
FN:135,swapTokensForExactTokens
FN:158,getAmountsOut
FN:166,getAmountsIn
FNF:10
FNH:10
FNDA:3,constructor
FNDA:1,createPair
FNDA:2,getPair
FNDA:2,allPairsLength
FNDA:1,addLiquidity
FNDA:1,removeLiquidity
FNDA:1,swapExactTokensForTokens
FNDA:1,swapTokensForExactTokens
FNDA:1,getAmountsOut
FNDA:1,getAmountsIn
DA:17,3
DA:18,3
DA:25,1
DA:33,2
DA:37,2
DA:57,1
DA:62,1
DA:67,1
DA:68,1
DA:70,1
DA:81,1
DA:82,1
DA:94,1
DA:97,1
DA:102,1
DA:103,1
DA:121,1
DA:122,1
DA:124,1
DA:142,1
DA:147,1
DA:148,1
DA:155,1
DA:163,1
DA:171,1
LF:25
LH:25
BRF:0
BRH:0
end_of_record
TN:
SF:/home/user121/VS source/UniswapAdapter/contracts/TestTKN.sol
FN:8,constructor
FN:15,mint
FNF:2
FNH:2
FNDA:3,constructor
FNDA:2,mint
DA:16,2
LF:1
LH:1
BRF:0
BRH:0
end_of_record
TN:
SF:/home/user121/VS source/UniswapAdapter/contracts/WrpEth.sol
FN:8,constructor
FN:10,deposit
FN:23,withdraw
FN:33,transfer
FN:41,transferFrom
FNF:5
FNH:5
FNDA:3,constructor
FNDA:3,deposit
FNDA:2,withdraw
FNDA:5,transfer
FNDA:7,transferFrom
DA:11,3
DA:12,2
DA:15,2
DA:16,1
DA:24,2
DA:28,1
DA:29,1
DA:38,5
DA:46,7
DA:47,6
DA:51,5
DA:52,5
DA:53,5
DA:56,1
LF:14
LH:14
BRDA:11,1,0,2
BRDA:11,1,1,1
BRDA:15,2,0,1
BRDA:15,2,1,1
BRDA:24,3,0,1
BRDA:24,3,1,1
BRDA:46,4,0,6
BRDA:46,4,1,1
BRDA:47,5,0,5
BRDA:47,5,1,1
BRF:10
BRH:10
end_of_record
